sample/demo/build/outputs/logs/manifest-merger-debug-report.txt
-- Merging decision tree log ---
manifest
ADDED from src/main/AndroidManifest.xml:2:1-132:12
INJECTED from src/main/AndroidManifest.xml:2:1-132:12
INJECTED from src/main/AndroidManifest.xml:2:1-132:12
INJECTED from src/main/AndroidManifest.xml:2:1-132:12
MERGED from [:feature:browser] AndroidManifest.xml:2:1-13:12
MERGED from [:feature:hello] AndroidManifest.xml:2:1-14:12
MERGED from [:feature:login] AndroidManifest.xml:2:1-13:12
MERGED from [:feature:math] AndroidManifest.xml:2:1-25:12
MERGED from [:feature:user] AndroidManifest.xml:2:1-27:12
MERGED from [:common:network] AndroidManifest.xml:2:1-23:12
MERGED from [:common:database] AndroidManifest.xml:2:1-7:12
MERGED from [:library:arch] AndroidManifest.xml:2:1-63:12
MERGED from [:library:update] AndroidManifest.xml:2:1-27:12
MERGED from [:library:dialog] AndroidManifest.xml:2:1-7:12
MERGED from [:library:view] AndroidManifest.xml:2:1-7:12
MERGED from [:library:html] AndroidManifest.xml:2:1-7:12
MERGED from [:common:router] AndroidManifest.xml:2:1-23:12
MERGED from [:library:core] AndroidManifest.xml:2:1-7:12
MERGED from [:library:video] AndroidManifest.xml:2:1-7:12
MERGED from [:library:blurview] AndroidManifest.xml:2:1-7:12
MERGED from [com.github.skydoves:transformationlayout:1.1.4] AndroidManifest.xml:17:1-22:12
MERGED from [io.github.cymchad:BaseRecyclerViewAdapterHelper4:4.1.4] AndroidManifest.xml:2:1-7:12
MERGED from [androidx.databinding:databinding-runtime:8.0.0] AndroidManifest.xml:2:1-7:12
MERGED from [androidx.databinding:viewbinding:8.6.1] AndroidManifest.xml:2:1-7:12
MERGED from [:library:time] AndroidManifest.xml:2:1-7:12
MERGED from [:library:toolkit] AndroidManifest.xml:2:1-7:12
MERGED from [:library:blackbox] AndroidManifest.xml:2:1-7:12
MERGED from [:library:tablayout] AndroidManifest.xml:2:1-7:12
MERGED from [com.github.lany192:ItemDecoration:1.23] AndroidManifest.xml:2:1-9:12
MERGED from [com.github.lany192:okdownload:2.0.2] AndroidManifest.xml:2:1-16:12
MERGED from [androidx.room:room-ktx:2.6.1] AndroidManifest.xml:17:1-22:12
MERGED from [androidx.room:room-runtime:2.6.1] AndroidManifest.xml:17:1-31:12
MERGED from [com.github.android:renderscript-intrinsics-replacement-toolkit:b636349] AndroidManifest.xml:2:1-9:12
MERGED from [com.google.android.material:material:1.12.0] AndroidManifest.xml:17:1-24:12
MERGED from [com.github.jenly1314:zxing-lite:3.2.0] AndroidManifest.xml:2:1-7:12
MERGED from [com.github.jenly1314:camera-scan:1.2.0] AndroidManifest.xml:2:1-11:12
MERGED from [com.squareup.leakcanary:leakcanary-android:2.14] AndroidManifest.xml:17:1-22:12
MERGED from [com.google.dagger:hilt-android:2.52] AndroidManifest.xml:16:1-19:12
MERGED from [androidx.constraintlayout:constraintlayout:2.1.4] AndroidManifest.xml:2:1-11:12
MERGED from [androidx.camera:camera-video:1.3.4] AndroidManifest.xml:2:1-7:12
MERGED from [androidx.camera:camera-extensions:1.3.4] AndroidManifest.xml:17:1-34:12
MERGED from [androidx.camera:camera-lifecycle:1.3.4] AndroidManifest.xml:2:1-7:12
MERGED from [androidx.camera:camera-camera2:1.3.4] AndroidManifest.xml:17:1-36:12
MERGED from [androidx.camera:camera-core:1.3.4] AndroidManifest.xml:17:1-36:12
MERGED from [androidx.camera:camera-view:1.3.4] AndroidManifest.xml:2:1-7:12
MERGED from [io.github.ShawnLin013:number-picker:2.4.13] AndroidManifest.xml:2:1-9:12
MERGED from [de.psdev.licensesdialog:licensesdialog:2.1.0] AndroidManifest.xml:17:1-28:12
MERGED from [com.github.MikeOrtiz:TouchImageView:3.6] AndroidManifest.xml:2:1-10:12
MERGED from [com.amazonaws:aws-android-sdk-s3:2.74.0] AndroidManifest.xml:2:1-12:12
MERGED from [com.airbnb.android:lottie:6.5.0] AndroidManifest.xml:2:1-9:12
MERGED from [com.github.yalantis:ucrop:2.2.9-native] AndroidManifest.xml:2:1-7:12
MERGED from [androidx.appcompat:appcompat-resources:1.7.0] AndroidManifest.xml:2:1-7:12
MERGED from [androidx.appcompat:appcompat:1.7.0] AndroidManifest.xml:2:1-7:12
MERGED from [com.github.bumptech.glide:glide:4.16.0] AndroidManifest.xml:2:1-9:12
MERGED from [com.github.lany192.app-router:arouter:2.0.8] AndroidManifest.xml:2:1-7:12
MERGED from [androidx.legacy:legacy-support-v4:1.0.0] AndroidManifest.xml:17:1-22:12
MERGED from [androidx.paging:paging-common-android:3.3.2] AndroidManifest.xml:2:1-7:12
MERGED from [androidx.paging:paging-runtime-ktx:3.3.2] AndroidManifest.xml:2:1-7:12
MERGED from [androidx.paging:paging-runtime:3.3.2] AndroidManifest.xml:2:1-7:12
MERGED from [androidx.media3:media3-exoplayer-dash:1.3.1] AndroidManifest.xml:17:1-22:12
MERGED from [androidx.media3:media3-exoplayer-hls:1.3.1] AndroidManifest.xml:17:1-22:12
MERGED from [androidx.media3:media3-exoplayer:1.3.1] AndroidManifest.xml:17:1-24:12
MERGED from [androidx.media3:media3-extractor:1.3.1] AndroidManifest.xml:17:1-22:12
MERGED from [androidx.media3:media3-container:1.3.1] AndroidManifest.xml:17:1-22:12
MERGED from [androidx.media3:media3-datasource:1.3.1] AndroidManifest.xml:17:1-22:12
MERGED from [androidx.media3:media3-decoder:1.3.1] AndroidManifest.xml:17:1-22:12
MERGED from [androidx.media3:media3-database:1.3.1] AndroidManifest.xml:17:1-22:12
MERGED from [androidx.media3:media3-common:1.3.1] AndroidManifest.xml:17:1-24:12
MERGED from [androidx.media3:media3-ui:1.3.1] AndroidManifest.xml:17:1-22:12
MERGED from [androidx.recyclerview:recyclerview:1.3.2] AndroidManifest.xml:17:1-22:12
MERGED from [androidx.viewpager2:viewpager2:1.1.0-beta02] AndroidManifest.xml:2:1-7:12
MERGED from [io.github.jeremyliao:live-event-bus-x:1.8.0] AndroidManifest.xml:2:1-11:12
MERGED from [androidx.lifecycle:lifecycle-extensions:2.2.0] AndroidManifest.xml:17:1-27:12
MERGED from [androidx.fragment:fragment:1.8.2] AndroidManifest.xml:2:1-7:12
MERGED from [com.github.forJrking:KLuban:1.1.0] AndroidManifest.xml:2:1-11:12
MERGED from [androidx.fragment:fragment-ktx:1.8.2] AndroidManifest.xml:2:1-7:12
MERGED from [androidx.compose.material3:material3-android:1.2.1] AndroidManifest.xml:17:1-22:12
MERGED from [androidx.compose.material:material-android:1.6.6] AndroidManifest.xml:2:1-7:12
MERGED from [androidx.compose.material:material-icons-core-android:1.6.6] AndroidManifest.xml:2:1-7:12
MERGED from [androidx.compose.material:material-ripple-android:1.6.6] AndroidManifest.xml:2:1-7:12
MERGED from [androidx.compose.foundation:foundation-android:1.6.6] AndroidManifest.xml:2:1-7:12
MERGED from [androidx.compose.animation:animation-android:1.6.6] AndroidManifest.xml:2:1-7:12
MERGED from [androidx.compose.foundation:foundation-layout-android:1.6.6] AndroidManifest.xml:2:1-7:12
MERGED from [androidx.compose.animation:animation-core-android:1.6.6] AndroidManifest.xml:2:1-7:12
MERGED from [androidx.compose.ui:ui-tooling-data-android:1.6.6] AndroidManifest.xml:2:1-7:12
MERGED from [androidx.compose.ui:ui-unit-android:1.6.6] AndroidManifest.xml:2:1-7:12
MERGED from [androidx.compose.ui:ui-geometry-android:1.6.6] AndroidManifest.xml:2:1-7:12
MERGED from [androidx.compose.ui:ui-util-android:1.6.6] AndroidManifest.xml:2:1-7:12
MERGED from [androidx.compose.ui:ui-text-android:1.6.6] AndroidManifest.xml:2:1-7:12
MERGED from [androidx.compose.ui:ui-tooling-preview-android:1.6.6] AndroidManifest.xml:17:1-22:12
MERGED from [androidx.compose.ui:ui-graphics-android:1.6.6] AndroidManifest.xml:2:1-7:12
MERGED from [androidx.compose.ui:ui-android:1.6.6] AndroidManifest.xml:2:1-7:12
MERGED from [androidx.compose.ui:ui-test-manifest:1.6.6] AndroidManifest.xml:17:1-28:12
MERGED from [androidx.compose.ui:ui-tooling-android:1.6.6] AndroidManifest.xml:17:1-28:12
MERGED from [androidx.activity:activity-compose:1.9.2] AndroidManifest.xml:2:1-7:12
MERGED from [androidx.activity:activity-ktx:1.9.2] AndroidManifest.xml:2:1-7:12
MERGED from [androidx.activity:activity:1.9.2] AndroidManifest.xml:17:1-22:12
MERGED from [androidx.palette:palette:1.0.0] AndroidManifest.xml:17:1-22:12
MERGED from [androidx.webkit:webkit:1.10.0] AndroidManifest.xml:2:1-7:12
MERGED from [com.amazonaws:aws-android-sdk-mobile-client:2.74.0] AndroidManifest.xml:2:1-20:12
MERGED from [androidx.emoji2:emoji2-views-helper:1.3.0] AndroidManifest.xml:2:1-7:12
MERGED from [androidx.emoji2:emoji2:1.3.0] AndroidManifest.xml:17:1-35:12
MERGED from [androidx.transition:transition:1.5.0] AndroidManifest.xml:2:1-7:12
MERGED from [androidx.dynamicanimation:dynamicanimation:1.0.0] AndroidManifest.xml:17:1-22:12
MERGED from [androidx.legacy:legacy-support-core-ui:1.0.0] AndroidManifest.xml:17:1-22:12
MERGED from [androidx.legacy:legacy-support-core-utils:1.0.0] AndroidManifest.xml:17:1-22:12
MERGED from [androidx.loader:loader:1.0.0] AndroidManifest.xml:17:1-22:12
MERGED from [androidx.viewpager:viewpager:1.0.0] AndroidManifest.xml:17:1-22:12
MERGED from [androidx.drawerlayout:drawerlayout:1.1.1] AndroidManifest.xml:17:1-24:12
MERGED from [androidx.coordinatorlayout:coordinatorlayout:1.1.0] AndroidManifest.xml:17:1-24:12
MERGED from [androidx.vectordrawable:vectordrawable-animated:1.1.0] AndroidManifest.xml:17:1-24:12
MERGED from [androidx.vectordrawable:vectordrawable:1.1.0] AndroidManifest.xml:17:1-24:12
MERGED from [androidx.media:media:1.7.0] AndroidManifest.xml:2:1-7:12
MERGED from [androidx.slidingpanelayout:slidingpanelayout:1.0.0] AndroidManifest.xml:17:1-22:12
MERGED from [androidx.customview:customview:1.1.0] AndroidManifest.xml:17:1-24:12
MERGED from [androidx.swiperefreshlayout:swiperefreshlayout:1.0.0] AndroidManifest.xml:17:1-22:12
MERGED from [androidx.asynclayoutinflater:asynclayoutinflater:1.0.0] AndroidManifest.xml:17:1-22:12
MERGED from [androidx.autofill:autofill:1.0.0] AndroidManifest.xml:17:1-24:12
MERGED from [androidx.core:core:1.13.1] AndroidManifest.xml:17:1-30:12
MERGED from [androidx.savedstate:savedstate-ktx:1.2.1] AndroidManifest.xml:17:1-22:12
MERGED from [androidx.savedstate:savedstate:1.2.1] AndroidManifest.xml:17:1-22:12
MERGED from [androidx.lifecycle:lifecycle-service:2.8.6] AndroidManifest.xml:2:1-7:12
MERGED from [androidx.lifecycle:lifecycle-viewmodel:2.8.6] AndroidManifest.xml:2:1-5:12
MERGED from [androidx.lifecycle:lifecycle-viewmodel-android:2.8.6] AndroidManifest.xml:17:1-22:12
MERGED from [androidx.lifecycle:lifecycle-runtime:2.8.6] AndroidManifest.xml:2:1-5:12
MERGED from [androidx.lifecycle:lifecycle-runtime-android:2.8.6] AndroidManifest.xml:17:1-22:12
MERGED from [androidx.lifecycle:lifecycle-process:2.8.6] AndroidManifest.xml:17:1-35:12
MERGED from [androidx.lifecycle:lifecycle-runtime-ktx-android:2.8.6] AndroidManifest.xml:2:1-7:12
MERGED from [androidx.lifecycle:lifecycle-livedata:2.8.6] AndroidManifest.xml:17:1-22:12
MERGED from [androidx.lifecycle:lifecycle-livedata-core:2.8.6] AndroidManifest.xml:17:1-22:12
MERGED from [androidx.lifecycle:lifecycle-livedata-core-ktx:2.8.6] AndroidManifest.xml:2:1-7:12
MERGED from [androidx.lifecycle:lifecycle-viewmodel-ktx:2.8.6] AndroidManifest.xml:2:1-7:12
MERGED from [androidx.lifecycle:lifecycle-livedata-ktx:2.8.6] AndroidManifest.xml:2:1-7:12
MERGED from [androidx.lifecycle:lifecycle-viewmodel-savedstate:2.8.6] AndroidManifest.xml:17:1-22:12
MERGED from [androidx.customview:customview-poolingcontainer:1.0.0] AndroidManifest.xml:17:1-23:12
MERGED from [androidx.core:core-ktx:1.13.1] AndroidManifest.xml:2:1-7:12
MERGED from [androidx.compose.runtime:runtime-saveable-android:1.6.6] AndroidManifest.xml:2:1-7:12
MERGED from [androidx.compose.runtime:runtime-android:1.6.6] AndroidManifest.xml:2:1-7:12
MERGED from [com.google.android.flexbox:flexbox:3.0.0] AndroidManifest.xml:17:1-24:12
MERGED from [com.squareup.leakcanary:leakcanary-android-core:2.14] AndroidManifest.xml:17:1-105:12
MERGED from [com.squareup.leakcanary:leakcanary-object-watcher-android:2.14] AndroidManifest.xml:2:1-15:12
MERGED from [com.squareup.leakcanary:plumber-android:2.14] AndroidManifest.xml:2:1-15:12
MERGED from [androidx.sqlite:sqlite-framework:2.4.0] AndroidManifest.xml:17:1-22:12
MERGED from [androidx.sqlite:sqlite:2.4.0] AndroidManifest.xml:17:1-22:12
MERGED from [androidx.exifinterface:exifinterface:1.3.7] AndroidManifest.xml:17:1-24:12
MERGED from [androidx.profileinstaller:profileinstaller:1.3.1] AndroidManifest.xml:17:1-55:12
MERGED from [com.github.jenly1314:logx:1.0.0] AndroidManifest.xml:2:1-22:12
MERGED from [androidx.startup:startup-runtime:1.1.1] AndroidManifest.xml:17:1-33:12
MERGED from [androidx.cardview:cardview:1.0.0] AndroidManifest.xml:17:1-22:12
MERGED from [com.tencent:mmkv:1.3.3] AndroidManifest.xml:2:1-9:12
MERGED from [com.tencent.sonic:sdk:3.1.0] AndroidManifest.xml:2:1-14:12
MERGED from [com.jaredrummler:material-spinner:1.3.1] AndroidManifest.xml:2:1-9:12
MERGED from [com.github.bumptech.glide:gifdecoder:4.16.0] AndroidManifest.xml:2:1-9:12
MERGED from [androidx.tracing:tracing:1.0.0] AndroidManifest.xml:17:1-24:12
MERGED from [androidx.arch.core:core-runtime:2.2.0] AndroidManifest.xml:17:1-22:12
MERGED from [androidx.cursoradapter:cursoradapter:1.0.0] AndroidManifest.xml:17:1-22:12
MERGED from [com.github.jenly1314:viewfinderview:1.2.0] AndroidManifest.xml:2:1-7:12
MERGED from [com.amazonaws:aws-android-sdk-cognitoidentityprovider:2.74.0] AndroidManifest.xml:2:1-10:12
MERGED from [com.amazonaws:aws-android-sdk-auth-core:2.74.0] AndroidManifest.xml:2:1-10:12
MERGED from [com.amazonaws:aws-android-sdk-kms:2.74.0] AndroidManifest.xml:2:1-10:12
MERGED from [com.amazonaws:aws-android-sdk-cognitoidentityprovider-asf:2.74.0] AndroidManifest.xml:2:1-10:12
MERGED from [com.amazonaws:aws-android-sdk-core:2.74.0] AndroidManifest.xml:2:1-16:12
MERGED from [androidx.interpolator:interpolator:1.0.0] AndroidManifest.xml:17:1-22:12
MERGED from [androidx.versionedparcelable:versionedparcelable:1.1.1] AndroidManifest.xml:17:1-27:12
MERGED from [androidx.documentfile:documentfile:1.0.0] AndroidManifest.xml:17:1-22:12
MERGED from [androidx.localbroadcastmanager:localbroadcastmanager:1.0.0] AndroidManifest.xml:17:1-22:12
MERGED from [androidx.print:print:1.0.0] AndroidManifest.xml:17:1-22:12
MERGED from [androidx.annotation:annotation-experimental:1.4.0] AndroidManifest.xml:2:1-7:12
MERGED from [com.squareup.leakcanary:leakcanary-object-watcher-android-androidx:2.14] AndroidManifest.xml:2:1-7:12
MERGED from [com.squareup.leakcanary:leakcanary-object-watcher-android-support-fragments:2.14] AndroidManifest.xml:2:1-7:12
MERGED from [com.squareup.leakcanary:leakcanary-object-watcher-android-core:2.14] AndroidManifest.xml:2:1-7:12
MERGED from [com.squareup.leakcanary:plumber-android-core:2.14] AndroidManifest.xml:2:1-7:12
MERGED from [com.squareup.leakcanary:leakcanary-android-utils:2.14] AndroidManifest.xml:2:1-7:12
MERGED from [com.squareup.curtains:curtains:1.2.4] AndroidManifest.xml:2:1-9:12
MERGED from [androidx.multidex:multidex:2.0.1] AndroidManifest.xml:17:1-22:12
MERGED from [com.github.getActivity:Toaster:12.6] AndroidManifest.xml:2:1-9:12
MERGED from [com.geyifeng.immersionbar:immersionbar:3.2.2] AndroidManifest.xml:2:1-9:12
MERGED from [com.tencent.mars:mars-xlog:1.2.5] AndroidManifest.xml:2:1-9:12
MERGED from [com.tencent.mm.opensdk:wechat-sdk-android:6.8.18] AndroidManifest.xml:2:1-9:12
MERGED from [com.iqiyi.xcrash:xcrash-android-lib:3.1.0] AndroidManifest.xml:2:1-11:12
MERGED from [io.github.scwang90:refresh-header-classics:2.1.0] AndroidManifest.xml:2:1-11:12
MERGED from [io.github.scwang90:refresh-layout-kernel:2.1.0] AndroidManifest.xml:2:1-11:12
MERGED from [com.github.JavaNoober.BackgroundLibrary:libraryx:1.7.6] AndroidManifest.xml:2:1-17:12
MERGED from [top.zibin:Luban:1.1.8] AndroidManifest.xml:2:1-11:12
MERGED from [org.greenrobot:eventbus:3.3.1] AndroidManifest.xml:2:1-9:12
MERGED from [io.github.youth5201314:banner:2.2.3] AndroidManifest.xml:2:1-9:12
MERGED from [io.reactivex.rxjava3:rxandroid:3.0.2] AndroidManifest.xml:15:1-20:12
MERGED from [com.github.NightWhistler:HtmlSpanner:e667fba] AndroidManifest.xml:2:1-13:12
MERGED from [com.jakewharton:process-phoenix:3.0.0] AndroidManifest.xml:2:1-20:12
MERGED from [com.github.getActivity:XXPermissions:20.0] AndroidManifest.xml:2:1-9:12
MERGED from [com.scottyab:rootbeer-lib:0.1.0] AndroidManifest.xml:2:1-13:12
MERGED from [com.tencent.tav:libpag:4.3.62] AndroidManifest.xml:2:1-9:12
MERGED from [com.google.dagger:dagger-lint-aar:2.52] AndroidManifest.xml:16:1-19:12
MERGED from [io.github.scwang90:refresh-footer-classics:2.1.0] AndroidManifest.xml:2:1-11:12
MERGED from [io.github.scwang90:refresh-drawable-paint:2.1.0] AndroidManifest.xml:2:1-11:12
	package
		INJECTED from src/main/AndroidManifest.xml
	android:versionName
		INJECTED from src/main/AndroidManifest.xml
	android:versionCode
		INJECTED from src/main/AndroidManifest.xml
	xmlns:android
		ADDED from src/main/AndroidManifest.xml:2:11-69
uses-permission#android.permission.WRITE_EXTERNAL_STORAGE
ADDED from src/main/AndroidManifest.xml:4:5-81
MERGED from [:library:arch] AndroidManifest.xml:9:5-81
MERGED from [:library:arch] AndroidManifest.xml:9:5-81
MERGED from [:library:update] AndroidManifest.xml:8:5-81
MERGED from [:library:update] AndroidManifest.xml:8:5-81
MERGED from [com.squareup.leakcanary:leakcanary-android-core:2.14] AndroidManifest.xml:26:5-81
MERGED from [com.squareup.leakcanary:leakcanary-android-core:2.14] AndroidManifest.xml:26:5-81
MERGED from [com.tencent.sonic:sdk:3.1.0] AndroidManifest.xml:12:5-81
MERGED from [com.tencent.sonic:sdk:3.1.0] AndroidManifest.xml:12:5-81
	android:name
		ADDED from src/main/AndroidManifest.xml:4:22-78
uses-permission#android.permission.CAMERA
ADDED from src/main/AndroidManifest.xml:5:5-65
MERGED from [com.github.jenly1314:camera-scan:1.2.0] AndroidManifest.xml:7:5-65
MERGED from [com.github.jenly1314:camera-scan:1.2.0] AndroidManifest.xml:7:5-65
	android:name
		ADDED from src/main/AndroidManifest.xml:5:22-62
uses-permission#android.permission.INTERNET
ADDED from src/main/AndroidManifest.xml:6:5-67
MERGED from [:library:arch] AndroidManifest.xml:10:5-67
MERGED from [:library:arch] AndroidManifest.xml:10:5-67
MERGED from [:library:update] AndroidManifest.xml:11:5-67
MERGED from [:library:update] AndroidManifest.xml:11:5-67
MERGED from [com.amazonaws:aws-android-sdk-mobile-client:2.74.0] AndroidManifest.xml:17:5-67
MERGED from [com.amazonaws:aws-android-sdk-mobile-client:2.74.0] AndroidManifest.xml:17:5-67
MERGED from [com.tencent.sonic:sdk:3.1.0] AndroidManifest.xml:11:5-67
MERGED from [com.tencent.sonic:sdk:3.1.0] AndroidManifest.xml:11:5-67
	android:name
		ADDED from src/main/AndroidManifest.xml:6:22-64
uses-permission#android.permission.VIBRATE
ADDED from src/main/AndroidManifest.xml:7:5-66
MERGED from [com.github.jenly1314:camera-scan:1.2.0] AndroidManifest.xml:8:5-66
MERGED from [com.github.jenly1314:camera-scan:1.2.0] AndroidManifest.xml:8:5-66
	android:name
		ADDED from src/main/AndroidManifest.xml:7:22-63
uses-permission#android.permission.FLASHLIGHT
ADDED from src/main/AndroidManifest.xml:8:5-69
MERGED from [com.github.jenly1314:camera-scan:1.2.0] AndroidManifest.xml:9:5-69
MERGED from [com.github.jenly1314:camera-scan:1.2.0] AndroidManifest.xml:9:5-69
	android:name
		ADDED from src/main/AndroidManifest.xml:8:22-66
application
ADDED from src/main/AndroidManifest.xml:10:5-130:19
INJECTED from src/main/AndroidManifest.xml:10:5-130:19
MERGED from [:feature:browser] AndroidManifest.xml:7:5-11:19
MERGED from [:feature:browser] AndroidManifest.xml:7:5-11:19
MERGED from [:feature:hello] AndroidManifest.xml:7:5-12:19
MERGED from [:feature:hello] AndroidManifest.xml:7:5-12:19
MERGED from [:feature:login] AndroidManifest.xml:7:5-11:19
MERGED from [:feature:login] AndroidManifest.xml:7:5-11:19
MERGED from [:feature:math] AndroidManifest.xml:7:5-23:19
MERGED from [:feature:math] AndroidManifest.xml:7:5-23:19
MERGED from [:feature:user] AndroidManifest.xml:7:5-25:19
MERGED from [:feature:user] AndroidManifest.xml:7:5-25:19
MERGED from [:common:network] AndroidManifest.xml:7:5-21:19
MERGED from [:common:network] AndroidManifest.xml:7:5-21:19
MERGED from [:library:arch] AndroidManifest.xml:13:5-61:19
MERGED from [:library:arch] AndroidManifest.xml:13:5-61:19
MERGED from [:library:update] AndroidManifest.xml:13:5-25:19
MERGED from [:library:update] AndroidManifest.xml:13:5-25:19
MERGED from [:common:router] AndroidManifest.xml:7:5-21:19
MERGED from [:common:router] AndroidManifest.xml:7:5-21:19
MERGED from [com.github.lany192:okdownload:2.0.2] AndroidManifest.xml:9:5-14:19
MERGED from [com.github.lany192:okdownload:2.0.2] AndroidManifest.xml:9:5-14:19
MERGED from [androidx.room:room-runtime:2.6.1] AndroidManifest.xml:23:5-29:19
MERGED from [androidx.room:room-runtime:2.6.1] AndroidManifest.xml:23:5-29:19
MERGED from [com.google.android.material:material:1.12.0] AndroidManifest.xml:22:5-20
MERGED from [com.google.android.material:material:1.12.0] AndroidManifest.xml:22:5-20
MERGED from [androidx.constraintlayout:constraintlayout:2.1.4] AndroidManifest.xml:9:5-20
MERGED from [androidx.constraintlayout:constraintlayout:2.1.4] AndroidManifest.xml:9:5-20
MERGED from [androidx.camera:camera-extensions:1.3.4] AndroidManifest.xml:28:5-32:19
MERGED from [androidx.camera:camera-extensions:1.3.4] AndroidManifest.xml:28:5-32:19
MERGED from [androidx.camera:camera-camera2:1.3.4] AndroidManifest.xml:23:5-34:19
MERGED from [androidx.camera:camera-camera2:1.3.4] AndroidManifest.xml:23:5-34:19
MERGED from [androidx.camera:camera-core:1.3.4] AndroidManifest.xml:23:5-34:19
MERGED from [androidx.camera:camera-core:1.3.4] AndroidManifest.xml:23:5-34:19
MERGED from [de.psdev.licensesdialog:licensesdialog:2.1.0] AndroidManifest.xml:26:5-20
MERGED from [de.psdev.licensesdialog:licensesdialog:2.1.0] AndroidManifest.xml:26:5-20
MERGED from [com.github.MikeOrtiz:TouchImageView:3.6] AndroidManifest.xml:7:5-8:19
MERGED from [com.github.MikeOrtiz:TouchImageView:3.6] AndroidManifest.xml:7:5-8:19
MERGED from [com.airbnb.android:lottie:6.5.0] AndroidManifest.xml:7:5-20
MERGED from [com.airbnb.android:lottie:6.5.0] AndroidManifest.xml:7:5-20
MERGED from [androidx.lifecycle:lifecycle-extensions:2.2.0] AndroidManifest.xml:24:5-25:19
MERGED from [androidx.lifecycle:lifecycle-extensions:2.2.0] AndroidManifest.xml:24:5-25:19
MERGED from [androidx.compose.ui:ui-test-manifest:1.6.6] AndroidManifest.xml:22:5-26:19
MERGED from [androidx.compose.ui:ui-test-manifest:1.6.6] AndroidManifest.xml:22:5-26:19
MERGED from [androidx.compose.ui:ui-tooling-android:1.6.6] AndroidManifest.xml:22:5-26:19
MERGED from [androidx.compose.ui:ui-tooling-android:1.6.6] AndroidManifest.xml:22:5-26:19
MERGED from [androidx.emoji2:emoji2:1.3.0] AndroidManifest.xml:23:5-33:19
MERGED from [androidx.emoji2:emoji2:1.3.0] AndroidManifest.xml:23:5-33:19
MERGED from [androidx.core:core:1.13.1] AndroidManifest.xml:28:5-89
MERGED from [androidx.core:core:1.13.1] AndroidManifest.xml:28:5-89
MERGED from [androidx.lifecycle:lifecycle-process:2.8.6] AndroidManifest.xml:23:5-33:19
MERGED from [androidx.lifecycle:lifecycle-process:2.8.6] AndroidManifest.xml:23:5-33:19
MERGED from [com.squareup.leakcanary:leakcanary-android-core:2.14] AndroidManifest.xml:31:5-103:19
MERGED from [com.squareup.leakcanary:leakcanary-android-core:2.14] AndroidManifest.xml:31:5-103:19
MERGED from [com.squareup.leakcanary:leakcanary-object-watcher-android:2.14] AndroidManifest.xml:7:5-13:19
MERGED from [com.squareup.leakcanary:leakcanary-object-watcher-android:2.14] AndroidManifest.xml:7:5-13:19
MERGED from [com.squareup.leakcanary:plumber-android:2.14] AndroidManifest.xml:7:5-13:19
MERGED from [com.squareup.leakcanary:plumber-android:2.14] AndroidManifest.xml:7:5-13:19
MERGED from [androidx.profileinstaller:profileinstaller:1.3.1] AndroidManifest.xml:23:5-53:19
MERGED from [androidx.profileinstaller:profileinstaller:1.3.1] AndroidManifest.xml:23:5-53:19
MERGED from [com.github.jenly1314:logx:1.0.0] AndroidManifest.xml:10:5-20:19
MERGED from [com.github.jenly1314:logx:1.0.0] AndroidManifest.xml:10:5-20:19
MERGED from [androidx.startup:startup-runtime:1.1.1] AndroidManifest.xml:25:5-31:19
MERGED from [androidx.startup:startup-runtime:1.1.1] AndroidManifest.xml:25:5-31:19
MERGED from [com.amazonaws:aws-android-sdk-core:2.74.0] AndroidManifest.xml:10:5-14:19
MERGED from [com.amazonaws:aws-android-sdk-core:2.74.0] AndroidManifest.xml:10:5-14:19
MERGED from [androidx.versionedparcelable:versionedparcelable:1.1.1] AndroidManifest.xml:24:5-25:19
MERGED from [androidx.versionedparcelable:versionedparcelable:1.1.1] AndroidManifest.xml:24:5-25:19
MERGED from [com.github.JavaNoober.BackgroundLibrary:libraryx:1.7.6] AndroidManifest.xml:9:5-15:19
MERGED from [com.github.JavaNoober.BackgroundLibrary:libraryx:1.7.6] AndroidManifest.xml:9:5-15:19
MERGED from [com.github.NightWhistler:HtmlSpanner:e667fba] AndroidManifest.xml:11:5-20
MERGED from [com.github.NightWhistler:HtmlSpanner:e667fba] AndroidManifest.xml:11:5-20
MERGED from [com.jakewharton:process-phoenix:3.0.0] AndroidManifest.xml:7:5-18:19
MERGED from [com.jakewharton:process-phoenix:3.0.0] AndroidManifest.xml:7:5-18:19
MERGED from [com.scottyab:rootbeer-lib:0.1.0] AndroidManifest.xml:11:5-20
MERGED from [com.scottyab:rootbeer-lib:0.1.0] AndroidManifest.xml:11:5-20
MERGED from [com.tencent.tav:libpag:4.3.62] AndroidManifest.xml:7:5-20
MERGED from [com.tencent.tav:libpag:4.3.62] AndroidManifest.xml:7:5-20
	android:extractNativeLibs
		INJECTED from src/main/AndroidManifest.xml
	android:appComponentFactory
		ADDED from [androidx.core:core:1.13.1] AndroidManifest.xml:28:18-86
	android:supportsRtl
		ADDED from src/main/AndroidManifest.xml:16:9-35
	android:label
		ADDED from src/main/AndroidManifest.xml:14:9-41
	android:roundIcon
		ADDED from src/main/AndroidManifest.xml:15:9-54
	android:icon
		ADDED from src/main/AndroidManifest.xml:13:9-43
	android:allowBackup
		ADDED from src/main/AndroidManifest.xml:12:9-35
	android:theme
		ADDED from src/main/AndroidManifest.xml:17:9-40
	android:usesCleartextTraffic
		ADDED from [:library:update] AndroidManifest.xml:13:18-53
	android:name
		ADDED from src/main/AndroidManifest.xml:11:9-34
activity#com.lany192.box.demo.ui.blur.BlurActivity
ADDED from src/main/AndroidManifest.xml:18:9-20:40
	android:exported
		ADDED from src/main/AndroidManifest.xml:20:13-37
	android:name
		ADDED from src/main/AndroidManifest.xml:19:13-49
activity#com.lany192.box.demo.ui.database.DatabaseActivity
ADDED from src/main/AndroidManifest.xml:21:9-23:40
	android:exported
		ADDED from src/main/AndroidManifest.xml:23:13-37
	android:name
		ADDED from src/main/AndroidManifest.xml:22:13-57
activity#com.lany192.box.demo.ui.image.ImageActivity
ADDED from src/main/AndroidManifest.xml:24:9-28:52
	android:screenOrientation
		ADDED from src/main/AndroidManifest.xml:28:13-49
	android:label
		ADDED from src/main/AndroidManifest.xml:27:13-31
	android:exported
		ADDED from src/main/AndroidManifest.xml:26:13-37
	android:name
		ADDED from src/main/AndroidManifest.xml:25:13-51
activity#com.lany192.box.demo.ui.encrypt.EncryptActivity
ADDED from src/main/AndroidManifest.xml:29:9-33:52
	android:screenOrientation
		ADDED from src/main/AndroidManifest.xml:33:13-49
	android:label
		ADDED from src/main/AndroidManifest.xml:32:13-33
	android:exported
		ADDED from src/main/AndroidManifest.xml:31:13-37
	android:name
		ADDED from src/main/AndroidManifest.xml:30:13-55
activity#com.lany192.box.demo.ui.zxing.ZxingActivity
ADDED from src/main/AndroidManifest.xml:34:9-38:52
	android:screenOrientation
		ADDED from src/main/AndroidManifest.xml:38:13-49
	android:label
		ADDED from src/main/AndroidManifest.xml:37:13-36
	android:exported
		ADDED from src/main/AndroidManifest.xml:36:13-37
	android:name
		ADDED from src/main/AndroidManifest.xml:35:13-51
activity#com.lany192.box.demo.ui.html.HtmlActivity
ADDED from src/main/AndroidManifest.xml:39:9-43:52
	android:screenOrientation
		ADDED from src/main/AndroidManifest.xml:43:13-49
	android:label
		ADDED from src/main/AndroidManifest.xml:42:13-35
	android:exported
		ADDED from src/main/AndroidManifest.xml:41:13-37
	android:name
		ADDED from src/main/AndroidManifest.xml:40:13-49
activity#com.lany192.box.demo.ui.video.VideoActivity
ADDED from src/main/AndroidManifest.xml:44:9-48:52
	android:screenOrientation
		ADDED from src/main/AndroidManifest.xml:48:13-49
	android:label
		ADDED from src/main/AndroidManifest.xml:47:13-33
	android:exported
		ADDED from src/main/AndroidManifest.xml:46:13-37
	android:name
		ADDED from src/main/AndroidManifest.xml:45:13-51
activity#com.lany192.box.demo.ui.goods.GoodsActivity
ADDED from src/main/AndroidManifest.xml:49:9-53:52
	android:screenOrientation
		ADDED from src/main/AndroidManifest.xml:53:13-49
	android:label
		ADDED from src/main/AndroidManifest.xml:52:13-33
	android:exported
		ADDED from src/main/AndroidManifest.xml:51:13-37
	android:name
		ADDED from src/main/AndroidManifest.xml:50:13-51
activity#com.lany192.box.demo.ui.settings.feedback.FeedbackActivity
ADDED from src/main/AndroidManifest.xml:54:9-58:52
	android:screenOrientation
		ADDED from src/main/AndroidManifest.xml:58:13-49
	android:label
		ADDED from src/main/AndroidManifest.xml:57:13-31
	android:exported
		ADDED from src/main/AndroidManifest.xml:56:13-37
	android:name
		ADDED from src/main/AndroidManifest.xml:55:13-66
activity#com.lany192.box.demo.ui.download.DownloadActivity
ADDED from src/main/AndroidManifest.xml:59:9-63:52
	android:screenOrientation
		ADDED from src/main/AndroidManifest.xml:63:13-49
	android:label
		ADDED from src/main/AndroidManifest.xml:62:13-31
	android:exported
		ADDED from src/main/AndroidManifest.xml:61:13-37
	android:name
		ADDED from src/main/AndroidManifest.xml:60:13-57
activity#com.lany192.box.demo.ui.settings.SettingsActivity
ADDED from src/main/AndroidManifest.xml:64:9-68:52
	android:screenOrientation
		ADDED from src/main/AndroidManifest.xml:68:13-49
	android:label
		ADDED from src/main/AndroidManifest.xml:67:13-31
	android:exported
		ADDED from src/main/AndroidManifest.xml:66:13-37
	android:name
		ADDED from src/main/AndroidManifest.xml:65:13-57
activity#com.lany192.box.demo.ui.main.MainActivity
ADDED from src/main/AndroidManifest.xml:69:9-75:48
	android:screenOrientation
		ADDED from src/main/AndroidManifest.xml:74:13-49
	android:label